#
# A fatal error has been detected by the Java Runtime Environment:
#
#  EXCEPTION_ILLEGAL_INSTRUCTION (0xc000001d) at pc=0x000007fedfff5c01, pid=9344, tid=0x000000000000263c
#
# JRE version: Java(TM) SE Runtime Environment (8.0_141-b15) (build 1.8.0_141-b15)
# Java VM: Java HotSpot(TM) 64-Bit Server VM (25.141-b15 mixed mode windows-amd64 compressed oops)
# Problematic frame:
# C  [msvcr120.dll+0x95c01]
#
# Failed to write core dump. Minidumps are not enabled by default on client versions of Windows
#
# If you would like to submit a bug report, please visit:
#   http://bugreport.java.com/bugreport/crash.jsp
# The crash happened outside the Java Virtual Machine in native code.
# See problematic frame for where to report the bug.
#

---------------  T H R E A D  ---------------

Current thread (0x000000001d2c7000):  JavaThread "Thread-4" daemon [_thread_in_native, id=9788, stack(0x000000001f9f0000,0x000000001faf0000)]

siginfo: ExceptionCode=0xc000001d

Registers:
RAX=0x0000000000000000, RBX=0x000000001de55810, RCX=0x0000000000000000, RDX=0x000000001f605f90
RSP=0x000000001faee980, RBP=0x000000000000000a, RSI=0x000000000000000a, RDI=0x000000001df18e30
R8 =0x0000000000000001, R9 =0x0000000000000002, R10=0x0000000000000000, R11=0x0000000020fe2a50
R12=0x000000000035a7d0, R13=0x000000006ac0c790, R14=0x0000000000000050, R15=0x0000000000000000
RIP=0x000007fedfff5c01, EFLAGS=0x0000000000010202

Top of Stack: (sp=0x000000001faee980)
0x000000001faee980:   0000000000000002 0000000000000006
0x000000001faee990:   000000001de55810 0000000000000000
0x000000001faee9a0:   0000000000000000 0000000000000000
0x000000001faee9b0:   0000000000000000 0000000000000000
0x000000001faee9c0:   0000000000000000 0000000000000000
0x000000001faee9d0:   0000000000000050 000000006abc5d56
0x000000001faee9e0:   000000000000000a 000000000000000a
0x000000001faee9f0:   000000001df18e30 000000000035a7d0
0x000000001faeea00:   0000000000000000 0000000000000000
0x000000001faeea10:   0000000000000000 0000000000000000
0x000000001faeea20:   000000001df18e30 000000000000000a
0x000000001faeea30:   0000000000000000 000000001de55810
0x000000001faeea40:   000000001de55810 000000006aa94d73
0x000000001faeea50:   000000001de55810 000000006aadc280
0x000000001faeea60:   0000000000000000 000000001de55810
0x000000001faeea70:   00000039646e6162 0000000000000000 

Instructions: (pc=0x000007fedfff5c01)
0x000007fedfff5be1:   0f 10 d0 f2 0f 10 44 24 10 f2 0f 10 4c 24 20 44
0x000007fedfff5bf1:   8b 0d 15 26 02 00 e8 34 c7 00 00 e9 72 f8 ff ff
0x000007fedfff5c01:   c5 fb 11 44 24 10 c5 fb 11 4c 24 20 48 8b 54 24
0x000007fedfff5c11:   10 4c 8b 44 24 20 4c 8b 15 4a 26 02 00 4d 23 d0 


Register to memory mapping:

RAX=0x0000000000000000 is an unknown value
RBX=0x000000001de55810 is an unknown value
RCX=0x0000000000000000 is an unknown value
RDX=0x000000001f605f90 is an unknown value
RSP=0x000000001faee980 is pointing into the stack for thread: 0x000000001d2c7000
RBP=0x000000000000000a is an unknown value
RSI=0x000000000000000a is an unknown value
RDI=0x000000001df18e30 is an unknown value
R8 =0x0000000000000001 is an unknown value
R9 =0x0000000000000002 is an unknown value
R10=0x0000000000000000 is an unknown value
R11=0x0000000020fe2a50 is an unknown value
R12=0x000000000035a7d0 is an unknown value
R13=0x000000006ac0c790 is an unknown value
R14=0x0000000000000050 is an unknown value
R15=0x0000000000000000 is an unknown value


Stack: [0x000000001f9f0000,0x000000001faf0000],  sp=0x000000001faee980,  free space=1018k
Native frames: (J=compiled Java code, j=interpreted, Vv=VM code, C=native code)
C  [msvcr120.dll+0x95c01]
C  [gstreamer-lite.dll+0x34d73]
C  [glib-lite.dll+0x2642b]
C  [glib-lite.dll+0x1f9c3]
C  [glib-lite.dll+0x2059c]
C  [gstreamer-lite.dll+0xf701]
C  [gstreamer-lite.dll+0xf899]
C  [jfxmedia.dll+0xed88]
C  [jfxmedia.dll+0xf054]
C  [jfxmedia.dll+0xf716]
C  [jfxmedia.dll+0x4f6e]
C  [jfxmedia.dll+0x56a8]
C  0x00000000028979b4

Java frames: (J=compiled Java code, j=interpreted, Vv=VM code)
j  com.sun.media.jfxmediaimpl.platform.gstreamer.GSTMedia.gstInitNativeMedia(Lcom/sun/media/jfxmedia/locator/Locator;Ljava/lang/String;J[J)I+0
j  com.sun.media.jfxmediaimpl.platform.gstreamer.GSTMedia.init()V+20
j  com.sun.media.jfxmediaimpl.platform.gstreamer.GSTMedia.<init>(Lcom/sun/media/jfxmedia/locator/Locator;)V+17
j  com.sun.media.jfxmediaimpl.platform.gstreamer.GSTMediaPlayer.<init>(Lcom/sun/media/jfxmedia/locator/Locator;)V+6
j  com.sun.media.jfxmediaimpl.platform.gstreamer.GSTPlatform.createMediaPlayer(Lcom/sun/media/jfxmedia/locator/Locator;)Lcom/sun/media/jfxmedia/MediaPlayer;+5
j  com.sun.media.jfxmediaimpl.platform.PlatformManager.createMediaPlayer(Lcom/sun/media/jfxmedia/locator/Locator;)Lcom/sun/media/jfxmedia/MediaPlayer;+64
j  com.sun.media.jfxmediaimpl.NativeMediaManager.getPlayer(Lcom/sun/media/jfxmedia/locator/Locator;)Lcom/sun/media/jfxmedia/MediaPlayer;+7
j  com.sun.media.jfxmedia.MediaManager.getPlayer(Lcom/sun/media/jfxmedia/locator/Locator;)Lcom/sun/media/jfxmedia/MediaPlayer;+18
j  com.sun.media.jfxmediaimpl.NativeMediaAudioClipPlayer.play()V+30
j  com.sun.media.jfxmediaimpl.NativeMediaAudioClipPlayer.clipScheduler()V+46
j  com.sun.media.jfxmediaimpl.NativeMediaAudioClipPlayer.access$000()V+0
j  com.sun.media.jfxmediaimpl.NativeMediaAudioClipPlayer$Enthreaderator.lambda$static$4()V+0
j  com.sun.media.jfxmediaimpl.NativeMediaAudioClipPlayer$Enthreaderator$$Lambda$59.run()V+0
j  java.lang.Thread.run()V+11
v  ~StubRoutines::call_stub

---------------  P R O C E S S  ---------------

Java Threads: ( => current thread )
=>0x000000001d2c7000 JavaThread "Thread-4" daemon [_thread_in_native, id=9788, stack(0x000000001f9f0000,0x000000001faf0000)]
  0x000000001d2b8800 JavaThread "Media Resource Disposer" daemon [_thread_blocked, id=10020, stack(0x0000000021f20000,0x0000000022020000)]
  0x000000001d2cd800 JavaThread "JavaFX-Launcher" [_thread_blocked, id=7988, stack(0x000000001fe90000,0x000000001ff90000)]
  0x000000001d302800 JavaThread "Thread-2" daemon [_thread_in_native, id=3544, stack(0x000000001fd90000,0x000000001fe90000)]
  0x000000001d28a800 JavaThread "JavaFX Application Thread" [_thread_in_vm, id=9324, stack(0x000000001e180000,0x000000001e280000)]
  0x000000001d280000 JavaThread "Thread-1" daemon [_thread_blocked, id=9268, stack(0x000000001e070000,0x000000001e170000)]
  0x000000001d267000 JavaThread "QuantumRenderer-0" daemon [_thread_blocked, id=5352, stack(0x000000001da40000,0x000000001db40000)]
  0x000000001b184000 JavaThread "Service Thread" daemon [_thread_blocked, id=9740, stack(0x000000001c4a0000,0x000000001c5a0000)]
  0x000000001b167000 JavaThread "C1 CompilerThread3" daemon [_thread_blocked, id=9660, stack(0x000000001cdb0000,0x000000001ceb0000)]
  0x000000001b164000 JavaThread "C2 CompilerThread2" daemon [_thread_blocked, id=10048, stack(0x000000001ca50000,0x000000001cb50000)]
  0x000000001b161800 JavaThread "C2 CompilerThread1" daemon [_thread_blocked, id=1960, stack(0x000000001cc10000,0x000000001cd10000)]
  0x000000001b15c000 JavaThread "C2 CompilerThread0" daemon [_thread_blocked, id=8568, stack(0x000000001c930000,0x000000001ca30000)]
  0x000000001b159000 JavaThread "Attach Listener" daemon [_thread_blocked, id=6720, stack(0x000000001c760000,0x000000001c860000)]
  0x000000001a0af000 JavaThread "Signal Dispatcher" daemon [_thread_blocked, id=9424, stack(0x000000001c5a0000,0x000000001c6a0000)]
  0x000000001a0a0800 JavaThread "Finalizer" daemon [_thread_blocked, id=7668, stack(0x000000001c070000,0x000000001c170000)]
  0x000000001a099800 JavaThread "Reference Handler" daemon [_thread_blocked, id=6980, stack(0x000000001c2c0000,0x000000001c3c0000)]
  0x000000000256e000 JavaThread "main" [_thread_blocked, id=9460, stack(0x0000000002780000,0x0000000002880000)]

Other Threads:
  0x000000001a090800 VMThread [stack: 0x000000001c190000,0x000000001c290000] [id=5184]
  0x000000001b187000 WatcherThread [stack: 0x000000001d070000,0x000000001d170000] [id=8864]

VM state:not at safepoint (normal execution)

VM Mutex/Monitor currently owned by a thread: None

Heap:
 PSYoungGen      total 57344K, used 15225K [0x0000000780980000, 0x0000000784980000, 0x00000007c0000000)
  eden space 49152K, 30% used [0x0000000780980000,0x000000078185e608,0x0000000783980000)
  from space 8192K, 0% used [0x0000000784180000,0x0000000784180000,0x0000000784980000)
  to   space 8192K, 0% used [0x0000000783980000,0x0000000783980000,0x0000000784180000)
 ParOldGen       total 131072K, used 0K [0x0000000701c00000, 0x0000000709c00000, 0x0000000780980000)
  object space 131072K, 0% used [0x0000000701c00000,0x0000000701c00000,0x0000000709c00000)
 Metaspace       used 8589K, capacity 8878K, committed 9088K, reserved 1056768K
  class space    used 1022K, capacity 1132K, committed 1152K, reserved 1048576K

Card table byte_map: [0x0000000011c40000,0x0000000012240000] byte_map_base: 0x000000000e432000

Marking Bits: (ParMarkBitMap*) 0x00000000680dd850
 Begin Bits: [0x0000000013190000, 0x0000000016120000)
 End Bits:   [0x0000000016120000, 0x00000000190b0000)

Polling page: 0x0000000000240000

CodeCache: size=245760Kb used=2189Kb max_used=2196Kb free=243570Kb
 bounds [0x0000000002880000, 0x0000000002af0000, 0x0000000011880000]
 total_blobs=902 nmethods=499 adapters=317
 compilation: enabled

Compilation events (10 events):
Event: 3.405 Thread 0x000000001b167000 nmethod 491 0x0000000002a99510 code [0x0000000002a99740, 0x0000000002a9a5f8]
Event: 3.405 Thread 0x000000001b167000  489  s    3       sun.misc.URLClassPath::getLookupCache (98 bytes)
Event: 3.406 Thread 0x000000001b167000 nmethod 489 0x0000000002a926d0 code [0x0000000002a92860, 0x0000000002a92dd8]
Event: 3.406 Thread 0x000000001b167000  492       3       java.util.WeakHashMap$Entry::<init> (24 bytes)
Event: 3.406 Thread 0x000000001b167000 nmethod 492 0x0000000002a92090 code [0x0000000002a92200, 0x0000000002a92550]
Event: 3.406 Thread 0x000000001b167000  493       3       java.net.URLClassLoader$1::run (5 bytes)
Event: 3.407 Thread 0x000000001b167000 nmethod 493 0x0000000002a91c50 code [0x0000000002a91dc0, 0x0000000002a91f68]
Event: 3.407 Thread 0x000000001b167000  494   !   3       java.net.URLClassLoader$1::run (63 bytes)
Event: 3.408 Thread 0x000000001b167000 nmethod 494 0x0000000002aa0710 code [0x0000000002aa08e0, 0x0000000002aa0e08]
Event: 3.408 Thread 0x000000001b164000 nmethod 497 0x0000000002aa3e50 code [0x0000000002aa3fa0, 0x0000000002aa4118]

GC Heap History (0 events):
No events

Deoptimization events (2 events):
Event: 3.202 Thread 0x000000000256e000 Uncommon trap: reason=unstable_if action=reinterpret pc=0x0000000002a22a74 method=java.lang.String.replace(CC)Ljava/lang/String; @ 26
Event: 3.264 Thread 0x000000001d28a800 Uncommon trap: reason=unstable_if action=reinterpret pc=0x0000000002a5d81c method=java.lang.String.indexOf([CII[CIII)I @ 134

Internal exceptions (10 events):
Event: 0.229 Thread 0x000000000256e000 Exception <a 'java/io/FileNotFoundException'> (0x00000007809f1fb0) thrown at [C:\re\workspace\8-2-build-windows-amd64-cygwin\jdk8u141\9370\hotspot\src\share\vm\prims\jni.cpp, line 709]
Event: 0.388 Thread 0x000000000256e000 Exception <a 'java/lang/NoSuchFieldError': method resolution failed> (0x0000000780c12310) thrown at [C:\re\workspace\8-2-build-windows-amd64-cygwin\jdk8u141\9370\hotspot\src\share\vm\prims\methodHandles.cpp, line 1146]
Event: 0.392 Thread 0x000000000256e000 Exception <a 'java/lang/NoSuchFieldError': method resolution failed> (0x0000000780c1f660) thrown at [C:\re\workspace\8-2-build-windows-amd64-cygwin\jdk8u141\9370\hotspot\src\share\vm\prims\methodHandles.cpp, line 1146]
Event: 0.444 Thread 0x000000000256e000 Exception <a 'java/security/PrivilegedActionException'> (0x0000000780caa210) thrown at [C:\re\workspace\8-2-build-windows-amd64-cygwin\jdk8u141\9370\hotspot\src\share\vm\prims\jvm.cpp, line 1390]
Event: 0.444 Thread 0x000000000256e000 Exception <a 'java/security/PrivilegedActionException'> (0x0000000780caa420) thrown at [C:\re\workspace\8-2-build-windows-amd64-cygwin\jdk8u141\9370\hotspot\src\share\vm\prims\jvm.cpp, line 1390]
Event: 0.447 Thread 0x000000000256e000 Exception <a 'java/security/PrivilegedActionException'> (0x0000000780cae330) thrown at [C:\re\workspace\8-2-build-windows-amd64-cygwin\jdk8u141\9370\hotspot\src\share\vm\prims\jvm.cpp, line 1390]
Event: 0.447 Thread 0x000000000256e000 Exception <a 'java/security/PrivilegedActionException'> (0x0000000780cae540) thrown at [C:\re\workspace\8-2-build-windows-amd64-cygwin\jdk8u141\9370\hotspot\src\share\vm\prims\jvm.cpp, line 1390]
Event: 0.447 Thread 0x000000000256e000 Exception <a 'java/lang/NullPointerException'> (0x0000000780caeb18) thrown at [C:\re\workspace\8-2-build-windows-amd64-cygwin\jdk8u141\9370\hotspot\src\share\vm\interpreter\linkResolver.cpp, line 1197]
Event: 3.235 Thread 0x000000001d28a800 Exception <a 'java/lang/UnsatisfiedLinkError': com.sun.media.jfxmediaimpl.NativeAudioClip.nacInit()Z> (0x000000078110bca8) thrown at [C:\re\workspace\8-2-build-windows-amd64-cygwin\jdk8u141\9370\hotspot\src\share\vm\prims\nativeLookup.cpp, line 378]
Event: 3.236 Thread 0x000000001d28a800 Exception <a 'java/lang/UnsatisfiedLinkError': com.sun.media.jfxmedia.logging.Logger.nativeSetNativeLevel(I)V> (0x000000078110f6c0) thrown at [C:\re\workspace\8-2-build-windows-amd64-cygwin\jdk8u141\9370\hotspot\src\share\vm\prims\nativeLookup.cpp, line 3

Events (10 events):
Event: 3.407 loading class javafx/scene/Scene$41
Event: 3.407 loading class javafx/scene/Scene$41 done
Event: 3.408 loading class javafx/scene/Scene$42
Event: 3.408 loading class javafx/scene/Scene$42 done
Event: 3.408 loading class javafx/scene/Scene$43
Event: 3.408 loading class javafx/scene/Scene$43 done
Event: 3.409 loading class javafx/scene/Scene$44
Event: 3.409 loading class javafx/scene/Scene$44 done
Event: 3.409 loading class javafx/scene/Scene$45
Event: 3.409 loading class javafx/scene/Scene$45 done


Dynamic libraries:
0x000000013fd20000 - 0x000000013fd57000 	C:\Program Files\Java\jdk1.8.0_141\bin\java.exe
0x0000000077c40000 - 0x0000000077deb000 	C:\Windows\SYSTEM32\ntdll.dll
0x0000000077b20000 - 0x0000000077c3f000 	C:\Windows\system32\kernel32.dll
0x000007fefdec0000 - 0x000007fefdf2b000 	C:\Windows\system32\KERNELBASE.dll
0x000007feff660000 - 0x000007feff73b000 	C:\Windows\system32\ADVAPI32.dll
0x000007feff5c0000 - 0x000007feff65f000 	C:\Windows\system32\msvcrt.dll
0x000007fefff30000 - 0x000007fefff4f000 	C:\Windows\SYSTEM32\sechost.dll
0x000007fefeda0000 - 0x000007fefeece000 	C:\Windows\system32\RPCRT4.dll
0x0000000077a20000 - 0x0000000077b1a000 	C:\Windows\system32\USER32.dll
0x000007feff1f0000 - 0x000007feff257000 	C:\Windows\system32\GDI32.dll
0x000007fefff20000 - 0x000007fefff2e000 	C:\Windows\system32\LPK.dll
0x000007fefeed0000 - 0x000007fefef9a000 	C:\Windows\system32\USP10.dll
0x000007fefb7f0000 - 0x000007fefb9e4000 	C:\Windows\WinSxS\amd64_microsoft.windows.common-controls_6595b64144ccf1df_6.0.7600.16385_none_fa645303170382f6\COMCTL32.dll
0x000007feff120000 - 0x000007feff191000 	C:\Windows\system32\SHLWAPI.dll
0x000007feffa80000 - 0x000007feffaae000 	C:\Windows\system32\IMM32.DLL
0x000007feff260000 - 0x000007feff369000 	C:\Windows\system32\MSCTF.dll
0x000007fefdb70000 - 0x000007fefdba0000 	C:\Windows\system32\nvinitx.dll
0x000007fefdb60000 - 0x000007fefdb6c000 	C:\Windows\system32\VERSION.dll
0x0000000075800000 - 0x0000000075806000 	C:\Program Files\NVIDIA Corporation\CoProcManager\detoured.dll
0x000007fefa7e0000 - 0x000007fefa818000 	C:\Program Files\NVIDIA Corporation\CoProcManager\nvd3d9wrapx.dll
0x000007feff3e0000 - 0x000007feff5b7000 	C:\Windows\system32\SETUPAPI.dll
0x000007fefddc0000 - 0x000007fefddf6000 	C:\Windows\system32\CFGMGR32.dll
0x000007feff860000 - 0x000007feff937000 	C:\Windows\system32\OLEAUT32.dll
0x000007feffab0000 - 0x000007feffcb1000 	C:\Windows\system32\ole32.dll
0x000007fefde00000 - 0x000007fefde1a000 	C:\Windows\system32\DEVOBJ.dll
0x000007fefa830000 - 0x000007fefa854000 	C:\Program Files\NVIDIA Corporation\CoProcManager\nvdxgiwrapx.dll
0x000000006ddb0000 - 0x000000006de82000 	C:\Program Files\Java\jdk1.8.0_141\jre\bin\msvcr100.dll
0x00000000678c0000 - 0x000000006815d000 	C:\Program Files\Java\jdk1.8.0_141\jre\bin\server\jvm.dll
0x000007fef2bc0000 - 0x000007fef2bc9000 	C:\Windows\system32\WSOCK32.dll
0x000007feff1a0000 - 0x000007feff1ed000 	C:\Windows\system32\WS2_32.dll
0x000007feffa70000 - 0x000007feffa78000 	C:\Windows\system32\NSI.dll
0x000007fefaf10000 - 0x000007fefaf4b000 	C:\Windows\system32\WINMM.dll
0x0000000077e00000 - 0x0000000077e07000 	C:\Windows\system32\PSAPI.DLL
0x000000006ffc0000 - 0x000000006ffcf000 	C:\Program Files\Java\jdk1.8.0_141\jre\bin\verify.dll
0x000000006ff90000 - 0x000000006ffb9000 	C:\Program Files\Java\jdk1.8.0_141\jre\bin\java.dll
0x000000006ff70000 - 0x000000006ff86000 	C:\Program Files\Java\jdk1.8.0_141\jre\bin\zip.dll
0x000007fefe010000 - 0x000007fefed96000 	C:\Windows\system32\SHELL32.dll
0x000007fefdba0000 - 0x000007fefdbaf000 	C:\Windows\system32\profapi.dll
0x000007fedff60000 - 0x000007fee004f000 	C:\Program Files\Java\jdk1.8.0_141\jre\bin\msvcr120.dll
0x000007fee08f0000 - 0x000007fee0996000 	C:\Program Files\Java\jdk1.8.0_141\jre\bin\msvcp120.dll
0x000000006aeb0000 - 0x000000006aed2000 	C:\Program Files\Java\jdk1.8.0_141\jre\bin\prism_d3d.dll
0x000007fef2010000 - 0x000007fef220f000 	C:\Windows\system32\d3d9.dll
0x000007fefbbc0000 - 0x000007fefbbc7000 	C:\Windows\system32\d3d8thk.dll
0x000007fefaf50000 - 0x000007fefaf68000 	C:\Windows\system32\dwmapi.dll
0x000007fefdf30000 - 0x000007fefdf69000 	C:\Windows\system32\WINTRUST.dll
0x000007fefdc50000 - 0x000007fefddb6000 	C:\Windows\system32\CRYPT32.dll
0x000007fefdc40000 - 0x000007fefdc4f000 	C:\Windows\system32\MSASN1.dll
0x000007fefb4e0000 - 0x000007fefb536000 	C:\Windows\system32\uxtheme.dll
0x000007fefa750000 - 0x000007fefa7d2000 	C:\Windows\system32\nvumdshimx.dll
0x000007fee4610000 - 0x000007fee5566000 	C:\Windows\system32\igdumdim64.dll
0x000007fef67c0000 - 0x000007fef6c20000 	C:\Windows\system32\igdusc64.dll
0x000007fee3660000 - 0x000007fee4603000 	C:\Windows\system32\nvd3dumx.dll
0x000007fef36e0000 - 0x000007fef38b5000 	C:\Windows\system32\nvspcap64.dll
0x000007fef9b30000 - 0x000007fef9b9e000 	C:\Windows\system32\WINHTTP.dll
0x000007fef9ac0000 - 0x000007fef9b24000 	C:\Windows\system32\webio.dll
0x000007fefc170000 - 0x000007fefc181000 	C:\Windows\system32\WTSAPI32.dll
0x000007fefa980000 - 0x000007fefad91000 	C:\Windows\system32\nvapi64.dll
0x000000006ae10000 - 0x000000006ae53000 	C:\Program Files\Java\jdk1.8.0_141\jre\bin\glass.dll
0x000007fefdf70000 - 0x000007fefe008000 	C:\Windows\system32\COMDLG32.dll
0x000007fefda90000 - 0x000007fefda9f000 	C:\Windows\system32\CRYPTBASE.dll
0x000007fefc140000 - 0x000007fefc16c000 	C:\Windows\system32\powrprof.dll
0x000000006aba0000 - 0x000000006ac13000 	C:\Program Files\Java\jdk1.8.0_141\jre\bin\glib-lite.dll
0x000000006aa60000 - 0x000000006aafc000 	C:\Program Files\Java\jdk1.8.0_141\jre\bin\gstreamer-lite.dll
0x000007fee0cf0000 - 0x000007fee0d78000 	C:\Windows\system32\DSOUND.dll
0x000000006b240000 - 0x000000006b265000 	C:\Program Files\Java\jdk1.8.0_141\jre\bin\jfxmedia.dll
0x000007fefda00000 - 0x000007fefda25000 	C:\Windows\system32\SspiCli.dll
0x000000006add0000 - 0x000000006ae01000 	C:\Program Files\Java\jdk1.8.0_141\jre\bin\fxplugins.dll
0x000007fef8020000 - 0x000007fef8145000 	C:\Windows\system32\dbghelp.dll

VM Arguments:
jvm_args: -Dfile.encoding=UTF-8 
java_command: esprit_entraide.Esprit_Entraide
java_class_path (initial): C:\Users\OrbitG\Desktop\jfoenix.jar;C:\Program Files\NetBeans 8.2\ide\modules\ext\mysql-connector-java-5.1.23-bin.jar;C:\Users\OrbitG\Desktop\TrayNotification.jar;C:\Users\OrbitG\Desktop\3A9\JAVA\Esprit_Entraidee\build\classes
Launcher Type: SUN_STANDARD

Environment Variables:
PATH=C:\oraclexe\app\oracle\product\10.2.0\server\bin;C:\ProgramData\Oracle\Java\javapath;C:\Windows\system32;C:\Windows;C:\Windows\System32\Wbem;C:\Windows\System32\WindowsPowerShell\v1.0\;C:\Program Files (x86)\NVIDIA Corporation\PhysX\Common;C:\Program Files (x86)\Skype\Phone\;C:\Program Files\Git\cmd;;C:\Users\OrbitG\AppData\Local\Poker at bet365\data\QT;C:\Users\OrbitG\AppData\Local\Poker at bet365\data\OpenSSL;C:\Program Files\Java\jdk1.8.0_141\bin
USERNAME=OrbitG
OS=Windows_NT
PROCESSOR_IDENTIFIER=Intel64 Family 6 Model 60 Stepping 3, GenuineIntel



---------------  S Y S T E M  ---------------

OS: Windows 7 , 64 bit Build 7600 (6.1.7600.16385)

CPU:total 8 (initial active 8) (4 cores per cpu, 2 threads per core) family 6 model 60 stepping 3, cmov, cx8, fxsr, mmx, sse, sse2, sse3, ssse3, sse4.1, sse4.2, popcnt, aes, clmul, erms, lzcnt, ht, tsc, tscinvbit, bmi1, bmi2

Memory: 4k page, physical 12463112k(4390692k free), swap 24924328k(14971036k free)

vm_info: Java HotSpot(TM) 64-Bit Server VM (25.141-b15) for windows-amd64 JRE (1.8.0_141-b15), built on Jul 12 2017 04:25:12 by "java_re" with MS VC++ 10.0 (VS2010)

time: Fri Feb 23 07:21:21 2018
elapsed time: 3 seconds (0d 0h 0m 3s)

