#
# A fatal error has been detected by the Java Runtime Environment:
#
#  EXCEPTION_ILLEGAL_INSTRUCTION (0xc000001d) at pc=0x000007fee2255c01, pid=876, tid=0x00000000000024ac
#
# JRE version: Java(TM) SE Runtime Environment (8.0_141-b15) (build 1.8.0_141-b15)
# Java VM: Java HotSpot(TM) 64-Bit Server VM (25.141-b15 mixed mode windows-amd64 compressed oops)
# Problematic frame:
# C  [msvcr120.dll+0x95c01]
#
# Failed to write core dump. Minidumps are not enabled by default on client versions of Windows
#
# If you would like to submit a bug report, please visit:
#   http://bugreport.java.com/bugreport/crash.jsp
# The crash happened outside the Java Virtual Machine in native code.
# See problematic frame for where to report the bug.
#

---------------  T H R E A D  ---------------

Current thread (0x000000001d406000):  JavaThread "Thread-4" daemon [_thread_in_native, id=9388, stack(0x000000001fbd0000,0x000000001fcd0000)]

siginfo: ExceptionCode=0xc000001d

Registers:
RAX=0x0000000000000000, RBX=0x000000001debb070, RCX=0x0000000000000000, RDX=0x000000001f6d30d0
RSP=0x000000001fcce9a0, RBP=0x000000000000000a, RSI=0x000000000000000a, RDI=0x000000001f57c740
R8 =0x0000000000000001, R9 =0x0000000000000002, R10=0x0000000000000000, R11=0x00000000210b09f0
R12=0x00000000002bfb30, R13=0x000000006ac8c790, R14=0x0000000000000050, R15=0x0000000000000000
RIP=0x000007fee2255c01, EFLAGS=0x0000000000010202

Top of Stack: (sp=0x000000001fcce9a0)
0x000000001fcce9a0:   0000000000000002 0000000000000006
0x000000001fcce9b0:   000000001debb070 0000000000000000
0x000000001fcce9c0:   0000000000000000 0000000000000000
0x000000001fcce9d0:   0000000000000000 0000000000000000
0x000000001fcce9e0:   0000000000000000 0000000000000000
0x000000001fcce9f0:   0000000000000050 000000006ac45d56
0x000000001fccea00:   000000000000000a 000000000000000a
0x000000001fccea10:   000000001f57c740 00000000002bfb30
0x000000001fccea20:   0000000000000000 0000000000000000
0x000000001fccea30:   0000000000000000 0000000000000000
0x000000001fccea40:   000000001f57c740 000000000000000a
0x000000001fccea50:   0000000000000000 000000001debb070
0x000000001fccea60:   000000001debb070 000000006abb4d73
0x000000001fccea70:   000000001debb070 000000006abfc280
0x000000001fccea80:   0000000000000000 000000001debb070
0x000000001fccea90:   00000039646e6162 0000000000000000 

Instructions: (pc=0x000007fee2255c01)
0x000007fee2255be1:   0f 10 d0 f2 0f 10 44 24 10 f2 0f 10 4c 24 20 44
0x000007fee2255bf1:   8b 0d 15 26 02 00 e8 34 c7 00 00 e9 72 f8 ff ff
0x000007fee2255c01:   c5 fb 11 44 24 10 c5 fb 11 4c 24 20 48 8b 54 24
0x000007fee2255c11:   10 4c 8b 44 24 20 4c 8b 15 4a 26 02 00 4d 23 d0 


Register to memory mapping:

RAX=0x0000000000000000 is an unknown value
RBX=0x000000001debb070 is an unknown value
RCX=0x0000000000000000 is an unknown value
RDX=0x000000001f6d30d0 is an unknown value
RSP=0x000000001fcce9a0 is pointing into the stack for thread: 0x000000001d406000
RBP=0x000000000000000a is an unknown value
RSI=0x000000000000000a is an unknown value
RDI=0x000000001f57c740 is an unknown value
R8 =0x0000000000000001 is an unknown value
R9 =0x0000000000000002 is an unknown value
R10=0x0000000000000000 is an unknown value
R11=0x00000000210b09f0 is an unknown value
R12=0x00000000002bfb30 is an unknown value
R13=0x000000006ac8c790 is an unknown value
R14=0x0000000000000050 is an unknown value
R15=0x0000000000000000 is an unknown value


Stack: [0x000000001fbd0000,0x000000001fcd0000],  sp=0x000000001fcce9a0,  free space=1018k
Native frames: (J=compiled Java code, j=interpreted, Vv=VM code, C=native code)
C  [msvcr120.dll+0x95c01]
C  [gstreamer-lite.dll+0x34d73]
C  [glib-lite.dll+0x2642b]
C  [glib-lite.dll+0x1f9c3]
C  [glib-lite.dll+0x2059c]
C  [gstreamer-lite.dll+0xf701]
C  [gstreamer-lite.dll+0xf899]
C  [jfxmedia.dll+0xed88]
C  [jfxmedia.dll+0xf054]
C  [jfxmedia.dll+0xf716]
C  [jfxmedia.dll+0x4f6e]
C  [jfxmedia.dll+0x56a8]
C  0x00000000028779b4

Java frames: (J=compiled Java code, j=interpreted, Vv=VM code)
j  com.sun.media.jfxmediaimpl.platform.gstreamer.GSTMedia.gstInitNativeMedia(Lcom/sun/media/jfxmedia/locator/Locator;Ljava/lang/String;J[J)I+0
j  com.sun.media.jfxmediaimpl.platform.gstreamer.GSTMedia.init()V+20
j  com.sun.media.jfxmediaimpl.platform.gstreamer.GSTMedia.<init>(Lcom/sun/media/jfxmedia/locator/Locator;)V+17
j  com.sun.media.jfxmediaimpl.platform.gstreamer.GSTMediaPlayer.<init>(Lcom/sun/media/jfxmedia/locator/Locator;)V+6
j  com.sun.media.jfxmediaimpl.platform.gstreamer.GSTPlatform.createMediaPlayer(Lcom/sun/media/jfxmedia/locator/Locator;)Lcom/sun/media/jfxmedia/MediaPlayer;+5
j  com.sun.media.jfxmediaimpl.platform.PlatformManager.createMediaPlayer(Lcom/sun/media/jfxmedia/locator/Locator;)Lcom/sun/media/jfxmedia/MediaPlayer;+64
j  com.sun.media.jfxmediaimpl.NativeMediaManager.getPlayer(Lcom/sun/media/jfxmedia/locator/Locator;)Lcom/sun/media/jfxmedia/MediaPlayer;+7
j  com.sun.media.jfxmedia.MediaManager.getPlayer(Lcom/sun/media/jfxmedia/locator/Locator;)Lcom/sun/media/jfxmedia/MediaPlayer;+18
j  com.sun.media.jfxmediaimpl.NativeMediaAudioClipPlayer.play()V+30
j  com.sun.media.jfxmediaimpl.NativeMediaAudioClipPlayer.clipScheduler()V+46
j  com.sun.media.jfxmediaimpl.NativeMediaAudioClipPlayer.access$000()V+0
j  com.sun.media.jfxmediaimpl.NativeMediaAudioClipPlayer$Enthreaderator.lambda$static$4()V+0
j  com.sun.media.jfxmediaimpl.NativeMediaAudioClipPlayer$Enthreaderator$$Lambda$83.run()V+0
j  java.lang.Thread.run()V+11
v  ~StubRoutines::call_stub

---------------  P R O C E S S  ---------------

Java Threads: ( => current thread )
=>0x000000001d406000 JavaThread "Thread-4" daemon [_thread_in_native, id=9388, stack(0x000000001fbd0000,0x000000001fcd0000)]
  0x000000001d469800 JavaThread "Media Resource Disposer" daemon [_thread_blocked, id=10092, stack(0x0000000021d10000,0x0000000021e10000)]
  0x000000001d319000 JavaThread "Abandoned connection cleanup thread" daemon [_thread_blocked, id=10220, stack(0x000000001ffc0000,0x00000000200c0000)]
  0x000000001d2f5800 JavaThread "Thread-3" daemon [_thread_in_native, id=9148, stack(0x000000001fce0000,0x000000001fde0000)]
  0x000000001d356000 JavaThread "JavaFX-Launcher" [_thread_blocked, id=3004, stack(0x000000001fe20000,0x000000001ff20000)]
  0x000000001d2a5000 JavaThread "JavaFX Application Thread" [_thread_in_Java, id=8508, stack(0x000000001e450000,0x000000001e550000)]
  0x000000001d29a000 JavaThread "Thread-1" daemon [_thread_blocked, id=3012, stack(0x000000001e250000,0x000000001e350000)]
  0x000000001d214000 JavaThread "QuantumRenderer-0" daemon [_thread_blocked, id=9700, stack(0x000000001d9d0000,0x000000001dad0000)]
  0x000000001b1e8800 JavaThread "Service Thread" daemon [_thread_blocked, id=7592, stack(0x000000001ce80000,0x000000001cf80000)]
  0x000000001b183000 JavaThread "C1 CompilerThread3" daemon [_thread_in_native, id=9904, stack(0x000000001cc90000,0x000000001cd90000)]
  0x000000001b15c000 JavaThread "C2 CompilerThread2" daemon [_thread_blocked, id=9348, stack(0x000000001c660000,0x000000001c760000)]
  0x000000001b155000 JavaThread "C2 CompilerThread1" daemon [_thread_blocked, id=9728, stack(0x000000001cb50000,0x000000001cc50000)]
  0x000000001b14b800 JavaThread "C2 CompilerThread0" daemon [_thread_blocked, id=6428, stack(0x000000001ca20000,0x000000001cb20000)]
  0x000000001b14b000 JavaThread "Attach Listener" daemon [_thread_blocked, id=5064, stack(0x000000001c820000,0x000000001c920000)]
  0x0000000019f8f000 JavaThread "Signal Dispatcher" daemon [_thread_blocked, id=8984, stack(0x000000001c540000,0x000000001c640000)]
  0x0000000019f82000 JavaThread "Finalizer" daemon [_thread_blocked, id=9760, stack(0x000000001c330000,0x000000001c430000)]
  0x0000000019f7b000 JavaThread "Reference Handler" daemon [_thread_blocked, id=8328, stack(0x000000001c0a0000,0x000000001c1a0000)]
  0x000000000044e000 JavaThread "main" [_thread_blocked, id=9764, stack(0x0000000002760000,0x0000000002860000)]

Other Threads:
  0x0000000019f72000 VMThread [stack: 0x000000001c210000,0x000000001c310000] [id=10176]
  0x000000001b1cb800 WatcherThread [stack: 0x000000001d060000,0x000000001d160000] [id=8584]

VM state:not at safepoint (normal execution)

VM Mutex/Monitor currently owned by a thread: None

Heap:
 PSYoungGen      total 57344K, used 32265K [0x0000000780980000, 0x0000000784980000, 0x00000007c0000000)
  eden space 49152K, 65% used [0x0000000780980000,0x0000000782902500,0x0000000783980000)
  from space 8192K, 0% used [0x0000000784180000,0x0000000784180000,0x0000000784980000)
  to   space 8192K, 0% used [0x0000000783980000,0x0000000783980000,0x0000000784180000)
 ParOldGen       total 131072K, used 0K [0x0000000701c00000, 0x0000000709c00000, 0x0000000780980000)
  object space 131072K, 0% used [0x0000000701c00000,0x0000000701c00000,0x0000000709c00000)
 Metaspace       used 15755K, capacity 16266K, committed 16384K, reserved 1062912K
  class space    used 2031K, capacity 2205K, committed 2304K, reserved 1048576K

Card table byte_map: [0x0000000011c20000,0x0000000012220000] byte_map_base: 0x000000000e412000

Marking Bits: (ParMarkBitMap*) 0x00000000680dd850
 Begin Bits: [0x0000000013070000, 0x0000000016000000)
 End Bits:   [0x0000000016000000, 0x0000000018f90000)

Polling page: 0x0000000000430000

CodeCache: size=245760Kb used=3504Kb max_used=3504Kb free=242255Kb
 bounds [0x0000000002860000, 0x0000000002bd0000, 0x0000000011860000]
 total_blobs=1544 nmethods=972 adapters=486
 compilation: enabled

Compilation events (10 events):
Event: 4.167 Thread 0x000000001b183000  937       1       com.sun.javafx.css.SelectorPartitioning$Slot::access$1300 (5 bytes)
Event: 4.167 Thread 0x000000001b183000 nmethod 937 0x0000000002bb1110 code [0x0000000002bb1260, 0x0000000002bb1350]
Event: 4.167 Thread 0x000000001b183000  939       3       java.util.HashMap$ValueIterator::next (8 bytes)
Event: 4.168 Thread 0x000000001b183000 nmethod 939 0x0000000002bb13d0 code [0x0000000002bb1540, 0x0000000002bb1748]
Event: 4.168 Thread 0x000000001b183000  938       1       com.sun.javafx.css.SelectorPartitioning$Partition::access$1400 (5 bytes)
Event: 4.168 Thread 0x000000001b183000 nmethod 938 0x0000000002bb1810 code [0x0000000002bb1960, 0x0000000002bb1a50]
Event: 4.168 Thread 0x000000001b183000  940       3       com.sun.javafx.css.StyleClassSet::containsAll (6 bytes)
Event: 4.168 Thread 0x000000001b183000 nmethod 940 0x0000000002bb1ad0 code [0x0000000002bb1c40, 0x0000000002bb1dc8]
Event: 4.168 Thread 0x000000001b183000  941       3       com.sun.javafx.css.BitSet::containsAll (103 bytes)
Event: 4.169 Thread 0x000000001b183000 nmethod 941 0x0000000002bb2050 code [0x0000000002bb21e0, 0x0000000002bb2810]

GC Heap History (0 events):
No events

Deoptimization events (10 events):
Event: 2.737 Thread 0x000000001d2a5000 Uncommon trap: reason=unstable_if action=reinterpret pc=0x0000000002a7c758 method=java.lang.AbstractStringBuilder.append(Ljava/lang/String;)Ljava/lang/AbstractStringBuilder; @ 1
Event: 3.406 Thread 0x000000001d2a5000 Uncommon trap: reason=unstable_if action=reinterpret pc=0x0000000002abe948 method=java.util.Properties$LineReader.readLine()I @ 328
Event: 3.406 Thread 0x000000001d2a5000 Uncommon trap: reason=unstable_if action=reinterpret pc=0x0000000002a95ecc method=java.util.Properties$LineReader.readLine()I @ 180
Event: 3.547 Thread 0x000000001d2a5000 Uncommon trap: reason=unstable_if action=reinterpret pc=0x0000000002b27c9c method=java.util.HashMap.getNode(ILjava/lang/Object;)Ljava/util/HashMap$Node; @ 62
Event: 3.548 Thread 0x000000001d2a5000 Uncommon trap: reason=unstable_if action=reinterpret pc=0x0000000002afcf00 method=java.util.HashMap.getNode(ILjava/lang/Object;)Ljava/util/HashMap$Node; @ 62
Event: 3.584 Thread 0x000000001d2a5000 Uncommon trap: reason=unstable_if action=reinterpret pc=0x0000000002a1e874 method=java.lang.String.startsWith(Ljava/lang/String;I)Z @ 25
Event: 3.725 Thread 0x000000001d2a5000 Uncommon trap: reason=unstable_if action=reinterpret pc=0x0000000002b4bbd8 method=java.util.HashMap.getNode(ILjava/lang/Object;)Ljava/util/HashMap$Node; @ 84
Event: 3.725 Thread 0x000000001d2a5000 Uncommon trap: reason=unstable_if action=reinterpret pc=0x0000000002b4b5fc method=java.util.HashMap.getNode(ILjava/lang/Object;)Ljava/util/HashMap$Node; @ 84
Event: 4.166 Thread 0x000000001d2a5000 Uncommon trap: reason=unstable_if action=reinterpret pc=0x0000000002b99af0 method=java.util.HashMap.hash(Ljava/lang/Object;)I @ 1
Event: 4.166 Thread 0x000000001d2a5000 Uncommon trap: reason=unstable_if action=reinterpret pc=0x0000000002ba1230 method=java.util.HashMap.hash(Ljava/lang/Object;)I @ 1

Internal exceptions (10 events):
Event: 2.737 Thread 0x000000001d2a5000 Implicit null exception at 0x0000000002a7c396 to 0x0000000002a7c741
Event: 3.380 Thread 0x000000001d2a5000 Exception <a 'java/lang/UnsatisfiedLinkError': com.sun.media.jfxmediaimpl.NativeAudioClip.nacInit()Z> (0x0000000781bdad28) thrown at [C:\re\workspace\8-2-build-windows-amd64-cygwin\jdk8u141\9370\hotspot\src\share\vm\prims\nativeLookup.cpp, line 378]
Event: 3.381 Thread 0x000000001d2a5000 Exception <a 'java/lang/UnsatisfiedLinkError': com.sun.media.jfxmedia.logging.Logger.nativeSetNativeLevel(I)V> (0x0000000781bde928) thrown at [C:\re\workspace\8-2-build-windows-amd64-cygwin\jdk8u141\9370\hotspot\src\share\vm\prims\nativeLookup.cpp, line 3
Event: 3.505 Thread 0x000000001d2a5000 Exception <a 'java/lang/NullPointerException'> (0x0000000781d73af8) thrown at [C:\re\workspace\8-2-build-windows-amd64-cygwin\jdk8u141\9370\hotspot\src\share\vm\interpreter\linkResolver.cpp, line 1197]
Event: 3.505 Thread 0x000000001d2a5000 Exception <a 'java/lang/NullPointerException'> (0x0000000781d73af8) thrown at [C:\re\workspace\8-2-build-windows-amd64-cygwin\jdk8u141\9370\hotspot\src\share\vm\prims\jvm.cpp, line 1394]
Event: 3.869 Thread 0x000000001d2a5000 Exception <a 'java/lang/ArrayIndexOutOfBoundsException'> (0x00000007823352b8) thrown at [C:\re\workspace\8-2-build-windows-amd64-cygwin\jdk8u141\9370\hotspot\src\share\vm\runtime\sharedRuntime.cpp, line 605]
Event: 3.871 Thread 0x000000001d2a5000 Exception <a 'java/lang/ArrayIndexOutOfBoundsException'> (0x0000000782335fb8) thrown at [C:\re\workspace\8-2-build-windows-amd64-cygwin\jdk8u141\9370\hotspot\src\share\vm\runtime\sharedRuntime.cpp, line 605]
Event: 3.871 Thread 0x000000001d2a5000 Exception <a 'java/lang/ArrayIndexOutOfBoundsException'> (0x0000000782337360) thrown at [C:\re\workspace\8-2-build-windows-amd64-cygwin\jdk8u141\9370\hotspot\src\share\vm\runtime\sharedRuntime.cpp, line 605]
Event: 4.166 Thread 0x000000001d2a5000 Implicit null exception at 0x0000000002b998b5 to 0x0000000002b99ae1
Event: 4.166 Thread 0x000000001d2a5000 Implicit null exception at 0x0000000002ba1198 to 0x0000000002ba1226

Events (10 events):
Event: 4.168 loading class java/util/Arrays$LegacyMergeSort
Event: 4.168 loading class java/util/Arrays$LegacyMergeSort done
Event: 4.168 loading class java/util/TimSort
Event: 4.169 loading class java/util/TimSort done
Event: 4.169 loading class com/sun/media/jfxmedia/locator/ConnectionHolder$MemoryConnectionHolder$1
Event: 4.169 loading class com/sun/media/jfxmedia/locator/ConnectionHolder$MemoryConnectionHolder$1 done
Event: 4.169 loading class com/sun/javafx/css/StyleManager$Cache
Event: 4.169 loading class com/sun/javafx/css/StyleManager$Cache done
Event: 4.170 loading class com/sun/javafx/css/StyleManager$Cache$Key
Event: 4.170 loading class com/sun/javafx/css/StyleManager$Cache$Key done


Dynamic libraries:
0x000000013f510000 - 0x000000013f547000 	C:\Program Files\Java\jdk1.8.0_141\bin\java.exe
0x0000000077c40000 - 0x0000000077deb000 	C:\Windows\SYSTEM32\ntdll.dll
0x0000000077b20000 - 0x0000000077c3f000 	C:\Windows\system32\kernel32.dll
0x000007fefdec0000 - 0x000007fefdf2b000 	C:\Windows\system32\KERNELBASE.dll
0x000007feff660000 - 0x000007feff73b000 	C:\Windows\system32\ADVAPI32.dll
0x000007feff5c0000 - 0x000007feff65f000 	C:\Windows\system32\msvcrt.dll
0x000007fefff30000 - 0x000007fefff4f000 	C:\Windows\SYSTEM32\sechost.dll
0x000007fefeda0000 - 0x000007fefeece000 	C:\Windows\system32\RPCRT4.dll
0x0000000077a20000 - 0x0000000077b1a000 	C:\Windows\system32\USER32.dll
0x000007feff1f0000 - 0x000007feff257000 	C:\Windows\system32\GDI32.dll
0x000007fefff20000 - 0x000007fefff2e000 	C:\Windows\system32\LPK.dll
0x000007fefeed0000 - 0x000007fefef9a000 	C:\Windows\system32\USP10.dll
0x000007fefb7f0000 - 0x000007fefb9e4000 	C:\Windows\WinSxS\amd64_microsoft.windows.common-controls_6595b64144ccf1df_6.0.7600.16385_none_fa645303170382f6\COMCTL32.dll
0x000007feff120000 - 0x000007feff191000 	C:\Windows\system32\SHLWAPI.dll
0x000007feffa80000 - 0x000007feffaae000 	C:\Windows\system32\IMM32.DLL
0x000007feff260000 - 0x000007feff369000 	C:\Windows\system32\MSCTF.dll
0x000007fefdb70000 - 0x000007fefdba0000 	C:\Windows\system32\nvinitx.dll
0x000007fefdb60000 - 0x000007fefdb6c000 	C:\Windows\system32\VERSION.dll
0x0000000075800000 - 0x0000000075806000 	C:\Program Files\NVIDIA Corporation\CoProcManager\detoured.dll
0x000007fefa7e0000 - 0x000007fefa818000 	C:\Program Files\NVIDIA Corporation\CoProcManager\nvd3d9wrapx.dll
0x000007feff3e0000 - 0x000007feff5b7000 	C:\Windows\system32\SETUPAPI.dll
0x000007fefddc0000 - 0x000007fefddf6000 	C:\Windows\system32\CFGMGR32.dll
0x000007feff860000 - 0x000007feff937000 	C:\Windows\system32\OLEAUT32.dll
0x000007feffab0000 - 0x000007feffcb1000 	C:\Windows\system32\ole32.dll
0x000007fefde00000 - 0x000007fefde1a000 	C:\Windows\system32\DEVOBJ.dll
0x000007fefa830000 - 0x000007fefa854000 	C:\Program Files\NVIDIA Corporation\CoProcManager\nvdxgiwrapx.dll
0x000000006ddb0000 - 0x000000006de82000 	C:\Program Files\Java\jdk1.8.0_141\jre\bin\msvcr100.dll
0x00000000678c0000 - 0x000000006815d000 	C:\Program Files\Java\jdk1.8.0_141\jre\bin\server\jvm.dll
0x000007fef2bc0000 - 0x000007fef2bc9000 	C:\Windows\system32\WSOCK32.dll
0x000007feff1a0000 - 0x000007feff1ed000 	C:\Windows\system32\WS2_32.dll
0x000007feffa70000 - 0x000007feffa78000 	C:\Windows\system32\NSI.dll
0x000007fefaf10000 - 0x000007fefaf4b000 	C:\Windows\system32\WINMM.dll
0x0000000077e00000 - 0x0000000077e07000 	C:\Windows\system32\PSAPI.DLL
0x000000006ffc0000 - 0x000000006ffcf000 	C:\Program Files\Java\jdk1.8.0_141\jre\bin\verify.dll
0x000000006ff90000 - 0x000000006ffb9000 	C:\Program Files\Java\jdk1.8.0_141\jre\bin\java.dll
0x000000006ff70000 - 0x000000006ff86000 	C:\Program Files\Java\jdk1.8.0_141\jre\bin\zip.dll
0x000007fefe010000 - 0x000007fefed96000 	C:\Windows\system32\SHELL32.dll
0x000007fefdba0000 - 0x000007fefdbaf000 	C:\Windows\system32\profapi.dll
0x000007fee21c0000 - 0x000007fee22af000 	C:\Program Files\Java\jdk1.8.0_141\jre\bin\msvcr120.dll
0x000007fee22f0000 - 0x000007fee2396000 	C:\Program Files\Java\jdk1.8.0_141\jre\bin\msvcp120.dll
0x000000006aeb0000 - 0x000000006aed2000 	C:\Program Files\Java\jdk1.8.0_141\jre\bin\prism_d3d.dll
0x000007fef2010000 - 0x000007fef220f000 	C:\Windows\system32\d3d9.dll
0x000007fefbbc0000 - 0x000007fefbbc7000 	C:\Windows\system32\d3d8thk.dll
0x000007fefaf50000 - 0x000007fefaf68000 	C:\Windows\system32\dwmapi.dll
0x000007fefdf30000 - 0x000007fefdf69000 	C:\Windows\system32\WINTRUST.dll
0x000007fefdc50000 - 0x000007fefddb6000 	C:\Windows\system32\CRYPT32.dll
0x000007fefdc40000 - 0x000007fefdc4f000 	C:\Windows\system32\MSASN1.dll
0x000007fefb4e0000 - 0x000007fefb536000 	C:\Windows\system32\uxtheme.dll
0x000007fefa750000 - 0x000007fefa7d2000 	C:\Windows\system32\nvumdshimx.dll
0x000007fee4610000 - 0x000007fee5566000 	C:\Windows\system32\igdumdim64.dll
0x000007fef67c0000 - 0x000007fef6c20000 	C:\Windows\system32\igdusc64.dll
0x000007fee3660000 - 0x000007fee4603000 	C:\Windows\system32\nvd3dumx.dll
0x000007fef36e0000 - 0x000007fef38b5000 	C:\Windows\system32\nvspcap64.dll
0x000007fef9b30000 - 0x000007fef9b9e000 	C:\Windows\system32\WINHTTP.dll
0x000007fef9ac0000 - 0x000007fef9b24000 	C:\Windows\system32\webio.dll
0x000007fefc170000 - 0x000007fefc181000 	C:\Windows\system32\WTSAPI32.dll
0x000007fefa980000 - 0x000007fefad91000 	C:\Windows\system32\nvapi64.dll
0x000000006ae10000 - 0x000000006ae53000 	C:\Program Files\Java\jdk1.8.0_141\jre\bin\glass.dll
0x000007fefdf70000 - 0x000007fefe008000 	C:\Windows\system32\COMDLG32.dll
0x000007fefda90000 - 0x000007fefda9f000 	C:\Windows\system32\CRYPTBASE.dll
0x000007fefc140000 - 0x000007fefc16c000 	C:\Windows\system32\powrprof.dll
0x000000006ff50000 - 0x000000006ff6a000 	C:\Program Files\Java\jdk1.8.0_141\jre\bin\net.dll
0x000007fefd3d0000 - 0x000007fefd424000 	C:\Windows\system32\mswsock.dll
0x000007fefd3c0000 - 0x000007fefd3c7000 	C:\Windows\System32\wship6.dll
0x000007fefbe30000 - 0x000007fefbe37000 	C:\Windows\System32\wshtcpip.dll
0x000007fefd250000 - 0x000007fefd2ab000 	C:\Windows\system32\DNSAPI.dll
0x000007fefc4c0000 - 0x000007fefc4e7000 	C:\Windows\system32\IPHLPAPI.DLL
0x000007fefc4b0000 - 0x000007fefc4bb000 	C:\Windows\system32\WINNSI.DLL
0x000007fef9160000 - 0x000007fef9168000 	C:\Windows\system32\rasadhlp.dll
0x000007fef9870000 - 0x000007fef98c3000 	C:\Windows\System32\fwpuclnt.dll
0x000000006ac20000 - 0x000000006ac93000 	C:\Program Files\Java\jdk1.8.0_141\jre\bin\glib-lite.dll
0x000000006ab80000 - 0x000000006ac1c000 	C:\Program Files\Java\jdk1.8.0_141\jre\bin\gstreamer-lite.dll
0x000007fee0910000 - 0x000007fee0998000 	C:\Windows\system32\DSOUND.dll
0x000000006b240000 - 0x000000006b265000 	C:\Program Files\Java\jdk1.8.0_141\jre\bin\jfxmedia.dll
0x000000006d4a0000 - 0x000000006d4b4000 	C:\Program Files\Java\jdk1.8.0_141\jre\bin\javafx_font.dll
0x000007fef1880000 - 0x000007fef19fb000 	C:\Windows\system32\dwrite.dll
0x000007fefda00000 - 0x000007fefda25000 	C:\Windows\system32\SspiCli.dll
0x000000006add0000 - 0x000000006ae01000 	C:\Program Files\Java\jdk1.8.0_141\jre\bin\fxplugins.dll
0x000007fef8020000 - 0x000007fef8145000 	C:\Windows\system32\dbghelp.dll

VM Arguments:
jvm_args: -Dfile.encoding=UTF-8 
java_command: esprit_entraide.Esprit_Entraide
java_class_path (initial): C:\Users\OrbitG\Desktop\jfoenix.jar;C:\Program Files\NetBeans 8.2\ide\modules\ext\mysql-connector-java-5.1.23-bin.jar;C:\Users\OrbitG\Desktop\TrayNotification.jar;C:\Users\OrbitG\Desktop\3A9\JAVA\Esprit_Entraidee\build\classes
Launcher Type: SUN_STANDARD

Environment Variables:
PATH=C:\oraclexe\app\oracle\product\10.2.0\server\bin;C:\ProgramData\Oracle\Java\javapath;C:\Windows\system32;C:\Windows;C:\Windows\System32\Wbem;C:\Windows\System32\WindowsPowerShell\v1.0\;C:\Program Files (x86)\NVIDIA Corporation\PhysX\Common;C:\Program Files (x86)\Skype\Phone\;C:\Program Files\Git\cmd;;C:\Users\OrbitG\AppData\Local\Poker at bet365\data\QT;C:\Users\OrbitG\AppData\Local\Poker at bet365\data\OpenSSL;C:\Program Files\Java\jdk1.8.0_141\bin
USERNAME=OrbitG
OS=Windows_NT
PROCESSOR_IDENTIFIER=Intel64 Family 6 Model 60 Stepping 3, GenuineIntel



---------------  S Y S T E M  ---------------

OS: Windows 7 , 64 bit Build 7600 (6.1.7600.16385)

CPU:total 8 (initial active 8) (4 cores per cpu, 2 threads per core) family 6 model 60 stepping 3, cmov, cx8, fxsr, mmx, sse, sse2, sse3, ssse3, sse4.1, sse4.2, popcnt, aes, clmul, erms, lzcnt, ht, tsc, tscinvbit, bmi1, bmi2

Memory: 4k page, physical 12463112k(4335088k free), swap 24924328k(14998820k free)

vm_info: Java HotSpot(TM) 64-Bit Server VM (25.141-b15) for windows-amd64 JRE (1.8.0_141-b15), built on Jul 12 2017 04:25:12 by "java_re" with MS VC++ 10.0 (VS2010)

time: Fri Feb 23 06:49:36 2018
elapsed time: 4 seconds (0d 0h 0m 4s)

